
*** Running vivado
    with args -log mouse_led.vds -m64 -product Vivado -mode batch -messageDb vivado.pb -notrace -source mouse_led.tcl


****** Vivado v2017.2 (64-bit)
  **** SW Build 1909853 on Thu Jun 15 18:39:09 MDT 2017
  **** IP Build 1909766 on Thu Jun 15 19:58:00 MDT 2017
    ** Copyright 1986-2017 Xilinx, Inc. All Rights Reserved.

source mouse_led.tcl -notrace
Command: synth_design -top mouse_led -part xc7a100tcsg324-1
Starting synth_design
Attempting to get a license for feature 'Synthesis' and/or device 'xc7a100t-csg324'
INFO: [Common 17-349] Got license for feature 'Synthesis' and/or device 'xc7a100t-csg324'
INFO: Launching helper process for spawning children vivado processes
INFO: Helper process launched with PID 1516 
---------------------------------------------------------------------------------
Starting RTL Elaboration : Time (s): cpu = 00:00:07 ; elapsed = 00:00:08 . Memory (MB): peak = 364.000 ; gain = 81.926
---------------------------------------------------------------------------------
INFO: [Synth 8-638] synthesizing module 'mouse_led' [C:/Users/lrzbl/Desktop/FPGA-FinalProje/MouseBaseCodes/etonw/mouse_led.vhd:12]
INFO: [Synth 8-638] synthesizing module 'mouse' [C:/Users/lrzbl/Desktop/FPGA-FinalProje/MouseBaseCodes/etonw/mouse.vhd:15]
INFO: [Synth 8-638] synthesizing module 'ps2_rxtx' [C:/Users/lrzbl/Desktop/FPGA-FinalProje/MouseBaseCodes/etonw/ps2_rxtx.vhd:16]
INFO: [Synth 8-638] synthesizing module 'ps2_tx' [C:/Users/lrzbl/Desktop/FPGA-FinalProje/MouseBaseCodes/etonw/ps2_tx.vhd:16]
INFO: [Synth 8-256] done synthesizing module 'ps2_tx' (1#1) [C:/Users/lrzbl/Desktop/FPGA-FinalProje/MouseBaseCodes/etonw/ps2_tx.vhd:16]
INFO: [Synth 8-638] synthesizing module 'ps2_rx' [C:/Users/lrzbl/Desktop/FPGA-FinalProje/MouseBaseCodes/etonw/ps2_rx.vhd:15]
INFO: [Synth 8-256] done synthesizing module 'ps2_rx' (2#1) [C:/Users/lrzbl/Desktop/FPGA-FinalProje/MouseBaseCodes/etonw/ps2_rx.vhd:15]
INFO: [Synth 8-256] done synthesizing module 'ps2_rxtx' (3#1) [C:/Users/lrzbl/Desktop/FPGA-FinalProje/MouseBaseCodes/etonw/ps2_rxtx.vhd:16]
INFO: [Synth 8-256] done synthesizing module 'mouse' (4#1) [C:/Users/lrzbl/Desktop/FPGA-FinalProje/MouseBaseCodes/etonw/mouse.vhd:15]
INFO: [Synth 8-256] done synthesizing module 'mouse_led' (5#1) [C:/Users/lrzbl/Desktop/FPGA-FinalProje/MouseBaseCodes/etonw/mouse_led.vhd:12]
---------------------------------------------------------------------------------
Finished RTL Elaboration : Time (s): cpu = 00:00:09 ; elapsed = 00:00:10 . Memory (MB): peak = 403.324 ; gain = 121.250
---------------------------------------------------------------------------------

Report Check Netlist: 
+------+------------------+-------+---------+-------+------------------+
|      |Item              |Errors |Warnings |Status |Description       |
+------+------------------+-------+---------+-------+------------------+
|1     |multi_driven_nets |      0|        0|Passed |Multi driven nets |
+------+------------------+-------+---------+-------+------------------+
---------------------------------------------------------------------------------
Finished RTL Optimization Phase 1 : Time (s): cpu = 00:00:09 ; elapsed = 00:00:10 . Memory (MB): peak = 403.324 ; gain = 121.250
---------------------------------------------------------------------------------
INFO: [Device 21-403] Loading part xc7a100tcsg324-1
INFO: [Project 1-570] Preparing netlist for logic optimization

Processing XDC Constraints
Initializing timing engine
Parsing XDC File [C:/Users/lrzbl/Desktop/FPGA5HAFTA/Chu Codes/constraint/Nexys4_DDR_chu.xdc]
Finished Parsing XDC File [C:/Users/lrzbl/Desktop/FPGA5HAFTA/Chu Codes/constraint/Nexys4_DDR_chu.xdc]
INFO: [Project 1-236] Implementation specific constraints were found while reading constraint file [C:/Users/lrzbl/Desktop/FPGA5HAFTA/Chu Codes/constraint/Nexys4_DDR_chu.xdc]. These constraints will be ignored for synthesis but will be used in implementation. Impacted constraints are listed in the file [.Xil/mouse_led_propImpl.xdc].
Resolution: To avoid this warning, move constraints listed in [.Xil/mouse_led_propImpl.xdc] to another XDC file and exclude this new file from synthesis with the used_in_synthesis property (File Properties dialog in GUI) and re-run elaboration/synthesis.
Completed Processing XDC Constraints

INFO: [Project 1-111] Unisim Transformation Summary:
No Unisim elements were transformed.

Constraint Validation Runtime : Time (s): cpu = 00:00:00 ; elapsed = 00:00:00.006 . Memory (MB): peak = 715.312 ; gain = 0.000
---------------------------------------------------------------------------------
Finished Constraint Validation : Time (s): cpu = 00:00:28 ; elapsed = 00:00:33 . Memory (MB): peak = 715.312 ; gain = 433.238
---------------------------------------------------------------------------------
---------------------------------------------------------------------------------
Start Loading Part and Timing Information
---------------------------------------------------------------------------------
Loading part: xc7a100tcsg324-1
---------------------------------------------------------------------------------
Finished Loading Part and Timing Information : Time (s): cpu = 00:00:28 ; elapsed = 00:00:33 . Memory (MB): peak = 715.312 ; gain = 433.238
---------------------------------------------------------------------------------
---------------------------------------------------------------------------------
Start Applying 'set_property' XDC Constraints
---------------------------------------------------------------------------------
---------------------------------------------------------------------------------
Finished applying 'set_property' XDC Constraints : Time (s): cpu = 00:00:28 ; elapsed = 00:00:33 . Memory (MB): peak = 715.312 ; gain = 433.238
---------------------------------------------------------------------------------
INFO: [Synth 8-802] inferred FSM for state register 'state_reg_reg' in module 'ps2_tx'
WARNING: [Synth 8-6014] Unused sequential element state_reg_reg was removed.  [C:/Users/lrzbl/Desktop/FPGA-FinalProje/MouseBaseCodes/etonw/ps2_tx.vhd:56]
INFO: [Synth 8-5544] ROM "state_next" won't be mapped to Block RAM because address size (4) smaller than threshold (5)
INFO: [Synth 8-5546] ROM "state_next" won't be mapped to RAM because it is too sparse
INFO: [Synth 8-5544] ROM "n_next" won't be mapped to Block RAM because address size (4) smaller than threshold (5)
INFO: [Synth 8-5544] ROM "state_next" won't be mapped to Block RAM because address size (4) smaller than threshold (5)
INFO: [Synth 8-5544] ROM "n_next" won't be mapped to Block RAM because address size (4) smaller than threshold (5)
INFO: [Synth 8-802] inferred FSM for state register 'state_reg_reg' in module 'mouse'
WARNING: [Synth 8-6014] Unused sequential element state_reg_reg was removed.  [C:/Users/lrzbl/Desktop/FPGA-FinalProje/MouseBaseCodes/etonw/mouse.vhd:39]
WARNING: [Synth 8-6014] Unused sequential element state_reg_reg was removed.  [C:/Users/lrzbl/Desktop/FPGA-FinalProje/MouseBaseCodes/etonw/ps2_tx.vhd:56]
WARNING: [Synth 8-6014] Unused sequential element state_reg_reg was removed.  [C:/Users/lrzbl/Desktop/FPGA-FinalProje/MouseBaseCodes/etonw/ps2_tx.vhd:56]
---------------------------------------------------------------------------------------------------
                   State |                     New Encoding |                Previous Encoding 
---------------------------------------------------------------------------------------------------
                    idle |                            00001 |                              000
                     rts |                            00010 |                              001
                   start |                            00100 |                              010
                    data |                            01000 |                              011
                    stop |                            10000 |                              100
---------------------------------------------------------------------------------------------------
INFO: [Synth 8-3354] encoded FSM with state register 'state_reg_reg' using encoding 'one-hot' in module 'ps2_tx'
WARNING: [Synth 8-6014] Unused sequential element state_reg_reg was removed.  [C:/Users/lrzbl/Desktop/FPGA-FinalProje/MouseBaseCodes/etonw/ps2_tx.vhd:56]
WARNING: [Synth 8-6014] Unused sequential element state_reg_reg was removed.  [C:/Users/lrzbl/Desktop/FPGA-FinalProje/MouseBaseCodes/etonw/mouse.vhd:39]
WARNING: [Synth 8-6014] Unused sequential element state_reg_reg was removed.  [C:/Users/lrzbl/Desktop/FPGA-FinalProje/MouseBaseCodes/etonw/mouse.vhd:39]
---------------------------------------------------------------------------------------------------
                   State |                     New Encoding |                Previous Encoding 
---------------------------------------------------------------------------------------------------
                   init1 |                              000 |                              000
                   init2 |                              001 |                              001
                   init3 |                              010 |                              010
                   pack1 |                              011 |                              011
                   pack2 |                              100 |                              100
                   pack3 |                              101 |                              101
                    done |                              110 |                              110
---------------------------------------------------------------------------------------------------
INFO: [Synth 8-3354] encoded FSM with state register 'state_reg_reg' using encoding 'sequential' in module 'mouse'
WARNING: [Synth 8-6014] Unused sequential element state_reg_reg was removed.  [C:/Users/lrzbl/Desktop/FPGA-FinalProje/MouseBaseCodes/etonw/mouse.vhd:39]
---------------------------------------------------------------------------------
Finished RTL Optimization Phase 2 : Time (s): cpu = 00:00:29 ; elapsed = 00:00:33 . Memory (MB): peak = 715.312 ; gain = 433.238
---------------------------------------------------------------------------------

Report RTL Partitions: 
+-+--------------+------------+----------+
| |RTL Partition |Replication |Instances |
+-+--------------+------------+----------+
+-+--------------+------------+----------+
---------------------------------------------------------------------------------
Start RTL Component Statistics 
---------------------------------------------------------------------------------
Detailed RTL Component Info : 
+---Adders : 
	   2 Input     13 Bit       Adders := 1     
	   2 Input     11 Bit       Adders := 1     
	   2 Input      4 Bit       Adders := 2     
+---XORs : 
	   8 Input      1 Bit         XORs := 1     
+---Registers : 
	               13 Bit    Registers := 1     
	               11 Bit    Registers := 2     
	                9 Bit    Registers := 3     
	                8 Bit    Registers := 2     
	                4 Bit    Registers := 2     
	                3 Bit    Registers := 1     
	                2 Bit    Registers := 1     
	                1 Bit    Registers := 2     
+---Muxes : 
	   5 Input     13 Bit        Muxes := 1     
	   2 Input     11 Bit        Muxes := 2     
	   5 Input      9 Bit        Muxes := 1     
	   7 Input      9 Bit        Muxes := 4     
	   5 Input      4 Bit        Muxes := 1     
	   4 Input      4 Bit        Muxes := 1     
	   7 Input      3 Bit        Muxes := 1     
	   3 Input      2 Bit        Muxes := 2     
	   4 Input      2 Bit        Muxes := 1     
	   3 Input      1 Bit        Muxes := 2     
	   2 Input      1 Bit        Muxes := 5     
	   5 Input      1 Bit        Muxes := 8     
	   4 Input      1 Bit        Muxes := 3     
	   7 Input      1 Bit        Muxes := 4     
---------------------------------------------------------------------------------
Finished RTL Component Statistics 
---------------------------------------------------------------------------------
---------------------------------------------------------------------------------
Start RTL Hierarchical Component Statistics 
---------------------------------------------------------------------------------
Hierarchical RTL Component report 
Module mouse_led 
Detailed RTL Component Info : 
+---Adders : 
	   2 Input     11 Bit       Adders := 1     
+---Registers : 
	               11 Bit    Registers := 1     
+---Muxes : 
	   2 Input     11 Bit        Muxes := 2     
Module ps2_tx 
Detailed RTL Component Info : 
+---Adders : 
	   2 Input     13 Bit       Adders := 1     
	   2 Input      4 Bit       Adders := 1     
+---XORs : 
	   8 Input      1 Bit         XORs := 1     
+---Registers : 
	               13 Bit    Registers := 1     
	                9 Bit    Registers := 1     
	                8 Bit    Registers := 1     
	                4 Bit    Registers := 1     
	                1 Bit    Registers := 1     
+---Muxes : 
	   5 Input     13 Bit        Muxes := 1     
	   5 Input      9 Bit        Muxes := 1     
	   5 Input      4 Bit        Muxes := 1     
	   3 Input      2 Bit        Muxes := 1     
	   3 Input      1 Bit        Muxes := 1     
	   2 Input      1 Bit        Muxes := 3     
	   5 Input      1 Bit        Muxes := 8     
Module ps2_rx 
Detailed RTL Component Info : 
+---Adders : 
	   2 Input      4 Bit       Adders := 1     
+---Registers : 
	               11 Bit    Registers := 1     
	                8 Bit    Registers := 1     
	                4 Bit    Registers := 1     
	                2 Bit    Registers := 1     
	                1 Bit    Registers := 1     
+---Muxes : 
	   4 Input      4 Bit        Muxes := 1     
	   3 Input      2 Bit        Muxes := 1     
	   4 Input      2 Bit        Muxes := 1     
	   2 Input      1 Bit        Muxes := 2     
	   3 Input      1 Bit        Muxes := 1     
	   4 Input      1 Bit        Muxes := 3     
Module mouse 
Detailed RTL Component Info : 
+---Registers : 
	                9 Bit    Registers := 2     
	                3 Bit    Registers := 1     
+---Muxes : 
	   7 Input      9 Bit        Muxes := 4     
	   7 Input      3 Bit        Muxes := 1     
	   7 Input      1 Bit        Muxes := 4     
---------------------------------------------------------------------------------
Finished RTL Hierarchical Component Statistics
---------------------------------------------------------------------------------
---------------------------------------------------------------------------------
Start Part Resource Summary
---------------------------------------------------------------------------------
Part Resources:
DSPs: 240 (col length:80)
BRAMs: 270 (col length: RAMB18 80 RAMB36 40)
---------------------------------------------------------------------------------
Finished Part Resource Summary
---------------------------------------------------------------------------------
---------------------------------------------------------------------------------
Start Cross Boundary and Area Optimization
---------------------------------------------------------------------------------
WARNING: [Synth 8-6014] Unused sequential element mouse_unit/y_reg_reg was removed.  [C:/Users/lrzbl/Desktop/FPGA-FinalProje/MouseBaseCodes/etonw/mouse.vhd:41]
INFO: [Synth 8-5546] ROM "mouse_unit/ps2_rxtx_unit/ps2_tx_unit/state_next" won't be mapped to RAM because it is too sparse
INFO: [Synth 8-3333] propagating constant 0 across sequential element (\mouse_unit/ps2_rxtx_unit/ps2_tx_unit/b_reg_reg[8] )
INFO: [Synth 8-3886] merging instance 'mouse_unit/ps2_rxtx_unit/ps2_rx_unit/filter_reg_reg[7]' (FDC) to 'mouse_unit/ps2_rxtx_unit/ps2_tx_unit/filter_reg_reg[7]'
INFO: [Synth 8-3886] merging instance 'mouse_unit/ps2_rxtx_unit/ps2_tx_unit/filter_reg_reg[6]' (FDC) to 'mouse_unit/ps2_rxtx_unit/ps2_rx_unit/filter_reg_reg[6]'
INFO: [Synth 8-3886] merging instance 'mouse_unit/ps2_rxtx_unit/ps2_tx_unit/filter_reg_reg[5]' (FDC) to 'mouse_unit/ps2_rxtx_unit/ps2_rx_unit/filter_reg_reg[5]'
INFO: [Synth 8-3886] merging instance 'mouse_unit/ps2_rxtx_unit/ps2_tx_unit/filter_reg_reg[4]' (FDC) to 'mouse_unit/ps2_rxtx_unit/ps2_rx_unit/filter_reg_reg[4]'
INFO: [Synth 8-3886] merging instance 'mouse_unit/ps2_rxtx_unit/ps2_tx_unit/filter_reg_reg[3]' (FDC) to 'mouse_unit/ps2_rxtx_unit/ps2_rx_unit/filter_reg_reg[3]'
INFO: [Synth 8-3886] merging instance 'mouse_unit/ps2_rxtx_unit/ps2_tx_unit/filter_reg_reg[2]' (FDC) to 'mouse_unit/ps2_rxtx_unit/ps2_rx_unit/filter_reg_reg[2]'
INFO: [Synth 8-3886] merging instance 'mouse_unit/ps2_rxtx_unit/ps2_tx_unit/filter_reg_reg[1]' (FDC) to 'mouse_unit/ps2_rxtx_unit/ps2_rx_unit/filter_reg_reg[1]'
INFO: [Synth 8-3886] merging instance 'mouse_unit/ps2_rxtx_unit/ps2_rx_unit/filter_reg_reg[0]' (FDC) to 'mouse_unit/ps2_rxtx_unit/ps2_tx_unit/filter_reg_reg[0]'
WARNING: [Synth 8-3332] Sequential element (mouse_unit/ps2_rxtx_unit/ps2_tx_unit/b_reg_reg[8]) is unused and will be removed from module mouse_led.
WARNING: [Synth 8-3332] Sequential element (mouse_unit/ps2_rxtx_unit/ps2_rx_unit/b_reg_reg[0]) is unused and will be removed from module mouse_led.
WARNING: [Synth 8-3332] Sequential element (mouse_unit/btn_reg_reg[2]) is unused and will be removed from module mouse_led.
---------------------------------------------------------------------------------
Finished Cross Boundary and Area Optimization : Time (s): cpu = 00:00:30 ; elapsed = 00:00:35 . Memory (MB): peak = 715.312 ; gain = 433.238
---------------------------------------------------------------------------------

Report RTL Partitions: 
+-+--------------+------------+----------+
| |RTL Partition |Replication |Instances |
+-+--------------+------------+----------+
+-+--------------+------------+----------+
---------------------------------------------------------------------------------
Start Applying XDC Timing Constraints
---------------------------------------------------------------------------------
---------------------------------------------------------------------------------
Finished Applying XDC Timing Constraints : Time (s): cpu = 00:00:51 ; elapsed = 00:00:56 . Memory (MB): peak = 715.312 ; gain = 433.238
---------------------------------------------------------------------------------
---------------------------------------------------------------------------------
Start Timing Optimization
---------------------------------------------------------------------------------
---------------------------------------------------------------------------------
Finished Timing Optimization : Time (s): cpu = 00:00:51 ; elapsed = 00:00:56 . Memory (MB): peak = 715.312 ; gain = 433.238
---------------------------------------------------------------------------------

Report RTL Partitions: 
+-+--------------+------------+----------+
| |RTL Partition |Replication |Instances |
+-+--------------+------------+----------+
+-+--------------+------------+----------+
---------------------------------------------------------------------------------
Start Technology Mapping
---------------------------------------------------------------------------------
---------------------------------------------------------------------------------
Finished Technology Mapping : Time (s): cpu = 00:00:51 ; elapsed = 00:00:56 . Memory (MB): peak = 715.312 ; gain = 433.238
---------------------------------------------------------------------------------

Report RTL Partitions: 
+-+--------------+------------+----------+
| |RTL Partition |Replication |Instances |
+-+--------------+------------+----------+
+-+--------------+------------+----------+
---------------------------------------------------------------------------------
Start IO Insertion
---------------------------------------------------------------------------------
---------------------------------------------------------------------------------
Start Flattening Before IO Insertion
---------------------------------------------------------------------------------
---------------------------------------------------------------------------------
Finished Flattening Before IO Insertion
---------------------------------------------------------------------------------
---------------------------------------------------------------------------------
Start Final Netlist Cleanup
---------------------------------------------------------------------------------
---------------------------------------------------------------------------------
Finished Final Netlist Cleanup
---------------------------------------------------------------------------------
---------------------------------------------------------------------------------
Finished IO Insertion : Time (s): cpu = 00:00:53 ; elapsed = 00:00:58 . Memory (MB): peak = 715.312 ; gain = 433.238
---------------------------------------------------------------------------------

Report Check Netlist: 
+------+------------------+-------+---------+-------+------------------+
|      |Item              |Errors |Warnings |Status |Description       |
+------+------------------+-------+---------+-------+------------------+
|1     |multi_driven_nets |      0|        0|Passed |Multi driven nets |
+------+------------------+-------+---------+-------+------------------+
---------------------------------------------------------------------------------
Start Renaming Generated Instances
---------------------------------------------------------------------------------
---------------------------------------------------------------------------------
Finished Renaming Generated Instances : Time (s): cpu = 00:00:53 ; elapsed = 00:00:58 . Memory (MB): peak = 715.312 ; gain = 433.238
---------------------------------------------------------------------------------

Report RTL Partitions: 
+-+--------------+------------+----------+
| |RTL Partition |Replication |Instances |
+-+--------------+------------+----------+
+-+--------------+------------+----------+
---------------------------------------------------------------------------------
Start Rebuilding User Hierarchy
---------------------------------------------------------------------------------
---------------------------------------------------------------------------------
Finished Rebuilding User Hierarchy : Time (s): cpu = 00:00:53 ; elapsed = 00:00:58 . Memory (MB): peak = 715.312 ; gain = 433.238
---------------------------------------------------------------------------------
---------------------------------------------------------------------------------
Start Renaming Generated Ports
---------------------------------------------------------------------------------
---------------------------------------------------------------------------------
Finished Renaming Generated Ports : Time (s): cpu = 00:00:53 ; elapsed = 00:00:58 . Memory (MB): peak = 715.312 ; gain = 433.238
---------------------------------------------------------------------------------
---------------------------------------------------------------------------------
Start Handling Custom Attributes
---------------------------------------------------------------------------------
---------------------------------------------------------------------------------
Finished Handling Custom Attributes : Time (s): cpu = 00:00:53 ; elapsed = 00:00:58 . Memory (MB): peak = 715.312 ; gain = 433.238
---------------------------------------------------------------------------------
---------------------------------------------------------------------------------
Start Renaming Generated Nets
---------------------------------------------------------------------------------
---------------------------------------------------------------------------------
Finished Renaming Generated Nets : Time (s): cpu = 00:00:53 ; elapsed = 00:00:58 . Memory (MB): peak = 715.312 ; gain = 433.238
---------------------------------------------------------------------------------
---------------------------------------------------------------------------------
Start Writing Synthesis Report
---------------------------------------------------------------------------------

Report BlackBoxes: 
+-+--------------+----------+
| |BlackBox name |Instances |
+-+--------------+----------+
+-+--------------+----------+

Report Cell Usage: 
+------+-------+------+
|      |Cell   |Count |
+------+-------+------+
|1     |BUFG   |     1|
|2     |CARRY4 |     6|
|3     |LUT1   |    15|
|4     |LUT2   |    22|
|5     |LUT3   |    17|
|6     |LUT4   |    31|
|7     |LUT5   |    14|
|8     |LUT6   |    27|
|9     |FDCE   |    80|
|10    |FDPE   |     1|
|11    |IBUF   |     2|
|12    |IOBUF  |     2|
|13    |OBUF   |    16|
+------+-------+------+

Report Instance Areas: 
+------+------------------+---------+------+
|      |Instance          |Module   |Cells |
+------+------------------+---------+------+
|1     |top               |         |   234|
|2     |  mouse_unit      |mouse    |   186|
|3     |    ps2_rxtx_unit |ps2_rxtx |   142|
|4     |      ps2_rx_unit |ps2_rx   |    49|
|5     |      ps2_tx_unit |ps2_tx   |    93|
+------+------------------+---------+------+
---------------------------------------------------------------------------------
Finished Writing Synthesis Report : Time (s): cpu = 00:00:53 ; elapsed = 00:00:58 . Memory (MB): peak = 715.312 ; gain = 433.238
---------------------------------------------------------------------------------
Synthesis finished with 0 errors, 0 critical warnings and 12 warnings.
Synthesis Optimization Runtime : Time (s): cpu = 00:00:32 ; elapsed = 00:00:43 . Memory (MB): peak = 715.312 ; gain = 121.250
Synthesis Optimization Complete : Time (s): cpu = 00:00:53 ; elapsed = 00:00:58 . Memory (MB): peak = 715.312 ; gain = 433.238
INFO: [Project 1-571] Translating synthesized netlist
INFO: [Netlist 29-17] Analyzing 10 Unisim elements for replacement
INFO: [Netlist 29-28] Unisim Transformation completed in 0 CPU seconds
INFO: [Project 1-570] Preparing netlist for logic optimization
INFO: [Opt 31-138] Pushed 0 inverter(s) to 0 load pin(s).
INFO: [Project 1-111] Unisim Transformation Summary:
  A total of 2 instances were transformed.
  IOBUF => IOBUF (IBUF, OBUFT): 2 instances

40 Infos, 12 Warnings, 0 Critical Warnings and 0 Errors encountered.
synth_design completed successfully
synth_design: Time (s): cpu = 00:00:56 ; elapsed = 00:01:03 . Memory (MB): peak = 715.312 ; gain = 439.996
INFO: [Common 17-1381] The checkpoint 'C:/Users/lrzbl/Desktop/FPGA-FinalProje/ps2-control-led/ps2-control-led.runs/synth_1/mouse_led.dcp' has been generated.
report_utilization: Time (s): cpu = 00:00:00 ; elapsed = 00:00:00.033 . Memory (MB): peak = 715.312 ; gain = 0.000
INFO: [Common 17-206] Exiting Vivado at Wed Jun  5 10:39:14 2024...
