
*** Running vivado
    with args -log TAB_mdm_1_0.vds -m64 -product Vivado -mode batch -messageDb vivado.pb -notrace -source TAB_mdm_1_0.tcl


****** Vivado v2017.2 (64-bit)
  **** SW Build 1909853 on Thu Jun 15 18:39:09 MDT 2017
  **** IP Build 1909766 on Thu Jun 15 19:58:00 MDT 2017
    ** Copyright 1986-2017 Xilinx, Inc. All Rights Reserved.

source TAB_mdm_1_0.tcl -notrace
Starting RTL Elaboration : Time (s): cpu = 00:00:05 ; elapsed = 00:00:05 . Memory (MB): peak = 386.332 ; gain = 79.984
INFO: [Synth 8-638] synthesizing module 'TAB_mdm_1_0' [c:/Users/lrzbl/Desktop/fpga2.odev/TAB/TAB.srcs/sources_1/bd/TAB/ip/TAB_mdm_1_0/synth/TAB_mdm_1_0.vhd:74]
INFO: [Synth 8-638] synthesizing module 'MDM' [c:/Users/lrzbl/Desktop/fpga2.odev/TAB/TAB.srcs/sources_1/bd/TAB/ipshared/5967/hdl/mdm_v3_2_vh_rfs.vhd:13762]
INFO: [Synth 8-638] synthesizing module 'MB_BSCANE2' [c:/Users/lrzbl/Desktop/fpga2.odev/TAB/TAB.srcs/sources_1/bd/TAB/ipshared/5967/hdl/mdm_v3_2_vh_rfs.vhd:277]
INFO: [Synth 8-256] done synthesizing module 'MB_BSCANE2' (1#1) [c:/Users/lrzbl/Desktop/fpga2.odev/TAB/TAB.srcs/sources_1/bd/TAB/ipshared/5967/hdl/mdm_v3_2_vh_rfs.vhd:277]
INFO: [Synth 8-638] synthesizing module 'MB_BUFG' [c:/Users/lrzbl/Desktop/fpga2.odev/TAB/TAB.srcs/sources_1/bd/TAB/ipshared/5967/hdl/mdm_v3_2_vh_rfs.vhd:328]
INFO: [Synth 8-256] done synthesizing module 'MB_BUFG' (2#1) [c:/Users/lrzbl/Desktop/fpga2.odev/TAB/TAB.srcs/sources_1/bd/TAB/ipshared/5967/hdl/mdm_v3_2_vh_rfs.vhd:328]
INFO: [Synth 8-638] synthesizing module 'MDM_Core' [c:/Users/lrzbl/Desktop/fpga2.odev/TAB/TAB.srcs/sources_1/bd/TAB/ipshared/5967/hdl/mdm_v3_2_vh_rfs.vhd:6642]
INFO: [Synth 8-638] synthesizing module 'JTAG_CONTROL' [c:/Users/lrzbl/Desktop/fpga2.odev/TAB/TAB.srcs/sources_1/bd/TAB/ipshared/5967/hdl/mdm_v3_2_vh_rfs.vhd:3115]
INFO: [Synth 8-638] synthesizing module 'MB_FDC_1' [c:/Users/lrzbl/Desktop/fpga2.odev/TAB/TAB.srcs/sources_1/bd/TAB/ipshared/5967/hdl/mdm_v3_2_vh_rfs.vhd:630]
INFO: [Synth 8-256] done synthesizing module 'MB_FDC_1' (3#1) [c:/Users/lrzbl/Desktop/fpga2.odev/TAB/TAB.srcs/sources_1/bd/TAB/ipshared/5967/hdl/mdm_v3_2_vh_rfs.vhd:630]
INFO: [Synth 8-638] synthesizing module 'MB_FDRE_1' [c:/Users/lrzbl/Desktop/fpga2.odev/TAB/TAB.srcs/sources_1/bd/TAB/ipshared/5967/hdl/mdm_v3_2_vh_rfs.vhd:690]
INFO: [Synth 8-256] done synthesizing module 'MB_FDRE_1' (4#1) [c:/Users/lrzbl/Desktop/fpga2.odev/TAB/TAB.srcs/sources_1/bd/TAB/ipshared/5967/hdl/mdm_v3_2_vh_rfs.vhd:690]
INFO: [Synth 8-638] synthesizing module 'MB_SRL16E' [c:/Users/lrzbl/Desktop/fpga2.odev/TAB/TAB.srcs/sources_1/bd/TAB/ipshared/5967/hdl/mdm_v3_2_vh_rfs.vhd:759]
INFO: [Synth 8-256] done synthesizing module 'MB_SRL16E' (5#1) [c:/Users/lrzbl/Desktop/fpga2.odev/TAB/TAB.srcs/sources_1/bd/TAB/ipshared/5967/hdl/mdm_v3_2_vh_rfs.vhd:759]
INFO: [Synth 8-638] synthesizing module 'MB_SRL16E__parameterized1' [c:/Users/lrzbl/Desktop/fpga2.odev/TAB/TAB.srcs/sources_1/bd/TAB/ipshared/5967/hdl/mdm_v3_2_vh_rfs.vhd:759]
INFO: [Synth 8-256] done synthesizing module 'MB_SRL16E__parameterized1' (5#1) [c:/Users/lrzbl/Desktop/fpga2.odev/TAB/TAB.srcs/sources_1/bd/TAB/ipshared/5967/hdl/mdm_v3_2_vh_rfs.vhd:759]
INFO: [Synth 8-638] synthesizing module 'MB_SRL16E__parameterized3' [c:/Users/lrzbl/Desktop/fpga2.odev/TAB/TAB.srcs/sources_1/bd/TAB/ipshared/5967/hdl/mdm_v3_2_vh_rfs.vhd:759]
INFO: [Synth 8-256] done synthesizing module 'MB_SRL16E__parameterized3' (5#1) [c:/Users/lrzbl/Desktop/fpga2.odev/TAB/TAB.srcs/sources_1/bd/TAB/ipshared/5967/hdl/mdm_v3_2_vh_rfs.vhd:759]
INFO: [Synth 8-638] synthesizing module 'MB_SRL16E__parameterized5' [c:/Users/lrzbl/Desktop/fpga2.odev/TAB/TAB.srcs/sources_1/bd/TAB/ipshared/5967/hdl/mdm_v3_2_vh_rfs.vhd:759]
INFO: [Synth 8-256] done synthesizing module 'MB_SRL16E__parameterized5' (5#1) [c:/Users/lrzbl/Desktop/fpga2.odev/TAB/TAB.srcs/sources_1/bd/TAB/ipshared/5967/hdl/mdm_v3_2_vh_rfs.vhd:759]
INFO: [Synth 8-256] done synthesizing module 'JTAG_CONTROL' (6#1) [c:/Users/lrzbl/Desktop/fpga2.odev/TAB/TAB.srcs/sources_1/bd/TAB/ipshared/5967/hdl/mdm_v3_2_vh_rfs.vhd:3115]
INFO: [Synth 8-256] done synthesizing module 'MDM_Core' (7#1) [c:/Users/lrzbl/Desktop/fpga2.odev/TAB/TAB.srcs/sources_1/bd/TAB/ipshared/5967/hdl/mdm_v3_2_vh_rfs.vhd:6642]
INFO: [Synth 8-256] done synthesizing module 'MDM' (8#1) [c:/Users/lrzbl/Desktop/fpga2.odev/TAB/TAB.srcs/sources_1/bd/TAB/ipshared/5967/hdl/mdm_v3_2_vh_rfs.vhd:13762]
INFO: [Synth 8-256] done synthesizing module 'TAB_mdm_1_0' (9#1) [c:/Users/lrzbl/Desktop/fpga2.odev/TAB/TAB.srcs/sources_1/bd/TAB/ip/TAB_mdm_1_0/synth/TAB_mdm_1_0.vhd:74]
Finished RTL Elaboration : Time (s): cpu = 00:00:10 ; elapsed = 00:00:12 . Memory (MB): peak = 437.430 ; gain = 131.082
Finished RTL Optimization Phase 1 : Time (s): cpu = 00:00:11 ; elapsed = 00:00:12 . Memory (MB): peak = 437.430 ; gain = 131.082
INFO: [Device 21-403] Loading part xc7a100tcsg324-1
Constraint Validation Runtime : Time (s): cpu = 00:00:00 ; elapsed = 00:00:00.015 . Memory (MB): peak = 744.719 ; gain = 0.000
Finished Constraint Validation : Time (s): cpu = 00:00:22 ; elapsed = 00:00:25 . Memory (MB): peak = 744.719 ; gain = 438.371
Finished Loading Part and Timing Information : Time (s): cpu = 00:00:22 ; elapsed = 00:00:25 . Memory (MB): peak = 744.719 ; gain = 438.371
Finished applying 'set_property' XDC Constraints : Time (s): cpu = 00:00:22 ; elapsed = 00:00:25 . Memory (MB): peak = 744.719 ; gain = 438.371
Finished RTL Optimization Phase 2 : Time (s): cpu = 00:00:23 ; elapsed = 00:00:25 . Memory (MB): peak = 744.719 ; gain = 438.371
Finished Cross Boundary and Area Optimization : Time (s): cpu = 00:00:24 ; elapsed = 00:00:27 . Memory (MB): peak = 744.719 ; gain = 438.371
Finished Applying XDC Timing Constraints : Time (s): cpu = 00:00:37 ; elapsed = 00:00:39 . Memory (MB): peak = 744.719 ; gain = 438.371
Finished Timing Optimization : Time (s): cpu = 00:00:37 ; elapsed = 00:00:40 . Memory (MB): peak = 744.719 ; gain = 438.371
Finished Technology Mapping : Time (s): cpu = 00:00:37 ; elapsed = 00:00:40 . Memory (MB): peak = 744.719 ; gain = 438.371
Finished IO Insertion : Time (s): cpu = 00:00:38 ; elapsed = 00:00:41 . Memory (MB): peak = 744.719 ; gain = 438.371
Finished Renaming Generated Instances : Time (s): cpu = 00:00:38 ; elapsed = 00:00:41 . Memory (MB): peak = 744.719 ; gain = 438.371
Finished Rebuilding User Hierarchy : Time (s): cpu = 00:00:38 ; elapsed = 00:00:41 . Memory (MB): peak = 744.719 ; gain = 438.371
Finished Renaming Generated Ports : Time (s): cpu = 00:00:38 ; elapsed = 00:00:41 . Memory (MB): peak = 744.719 ; gain = 438.371
Finished Handling Custom Attributes : Time (s): cpu = 00:00:38 ; elapsed = 00:00:41 . Memory (MB): peak = 744.719 ; gain = 438.371
Finished Renaming Generated Nets : Time (s): cpu = 00:00:38 ; elapsed = 00:00:41 . Memory (MB): peak = 744.719 ; gain = 438.371

Report Cell Usage: 
+------+--------+------+
|      |Cell    |Count |
+------+--------+------+
|1     |BSCANE2 |     1|
|2     |BUFG    |     1|
|3     |LUT1    |     2|
|4     |LUT2    |    14|
|5     |LUT3    |    28|
|6     |LUT4    |    14|
|7     |LUT5    |    17|
|8     |LUT6    |    34|
|9     |SRL16E  |     7|
|10    |FDCE    |   100|
|11    |FDC_1   |     1|
|12    |FDPE    |     7|
|13    |FDRE    |     3|
|14    |FDRE_1  |     1|
+------+--------+------+
Finished Writing Synthesis Report : Time (s): cpu = 00:00:38 ; elapsed = 00:00:41 . Memory (MB): peak = 744.719 ; gain = 438.371
synth_design: Time (s): cpu = 00:00:40 ; elapsed = 00:00:43 . Memory (MB): peak = 744.719 ; gain = 440.496
