
*** Running vivado
    with args -log TAB_microblaze_0_0.vds -m64 -product Vivado -mode batch -messageDb vivado.pb -notrace -source TAB_microblaze_0_0.tcl


****** Vivado v2017.2 (64-bit)
  **** SW Build 1909853 on Thu Jun 15 18:39:09 MDT 2017
  **** IP Build 1909766 on Thu Jun 15 19:58:00 MDT 2017
    ** Copyright 1986-2017 Xilinx, Inc. All Rights Reserved.

source TAB_microblaze_0_0.tcl -notrace
Starting RTL Elaboration : Time (s): cpu = 00:00:07 ; elapsed = 00:00:07 . Memory (MB): peak = 382.305 ; gain = 82.707
INFO: [Synth 8-638] synthesizing module 'TAB_microblaze_0_0' [c:/Users/lrzbl/Desktop/fpga2.odev/TAB/TAB.srcs/sources_1/bd/TAB/ip/TAB_microblaze_0_0/synth/TAB_microblaze_0_0.vhd:190]
INFO: [Synth 8-256] done synthesizing module 'TAB_microblaze_0_0' (63#1) [c:/Users/lrzbl/Desktop/fpga2.odev/TAB/TAB.srcs/sources_1/bd/TAB/ip/TAB_microblaze_0_0/synth/TAB_microblaze_0_0.vhd:190]
Finished RTL Elaboration : Time (s): cpu = 00:00:21 ; elapsed = 00:00:22 . Memory (MB): peak = 697.426 ; gain = 397.828
Finished RTL Optimization Phase 1 : Time (s): cpu = 00:00:22 ; elapsed = 00:00:24 . Memory (MB): peak = 697.426 ; gain = 397.828
INFO: [Device 21-403] Loading part xc7a100tcsg324-1
Constraint Validation Runtime : Time (s): cpu = 00:00:01 ; elapsed = 00:00:00.155 . Memory (MB): peak = 958.535 ; gain = 0.000
Finished Constraint Validation : Time (s): cpu = 00:00:44 ; elapsed = 00:00:47 . Memory (MB): peak = 958.535 ; gain = 658.938
Finished Loading Part and Timing Information : Time (s): cpu = 00:00:44 ; elapsed = 00:00:47 . Memory (MB): peak = 958.535 ; gain = 658.938
Finished applying 'set_property' XDC Constraints : Time (s): cpu = 00:00:44 ; elapsed = 00:00:47 . Memory (MB): peak = 958.535 ; gain = 658.938
Finished RTL Optimization Phase 2 : Time (s): cpu = 00:00:48 ; elapsed = 00:00:51 . Memory (MB): peak = 958.535 ; gain = 658.938
Finished Cross Boundary and Area Optimization : Time (s): cpu = 00:00:59 ; elapsed = 00:01:03 . Memory (MB): peak = 958.535 ; gain = 658.938
Finished Applying XDC Timing Constraints : Time (s): cpu = 00:01:08 ; elapsed = 00:01:12 . Memory (MB): peak = 958.535 ; gain = 658.938
Finished Timing Optimization : Time (s): cpu = 00:01:10 ; elapsed = 00:01:13 . Memory (MB): peak = 958.535 ; gain = 658.938
Finished Technology Mapping : Time (s): cpu = 00:01:12 ; elapsed = 00:01:16 . Memory (MB): peak = 958.535 ; gain = 658.938
Finished IO Insertion : Time (s): cpu = 00:01:13 ; elapsed = 00:01:17 . Memory (MB): peak = 958.535 ; gain = 658.938
Finished Renaming Generated Instances : Time (s): cpu = 00:01:13 ; elapsed = 00:01:17 . Memory (MB): peak = 958.535 ; gain = 658.938
Finished Rebuilding User Hierarchy : Time (s): cpu = 00:01:13 ; elapsed = 00:01:17 . Memory (MB): peak = 958.535 ; gain = 658.938
Finished Renaming Generated Ports : Time (s): cpu = 00:01:14 ; elapsed = 00:01:17 . Memory (MB): peak = 958.535 ; gain = 658.938
Finished Handling Custom Attributes : Time (s): cpu = 00:01:14 ; elapsed = 00:01:17 . Memory (MB): peak = 958.535 ; gain = 658.938
Finished Renaming Generated Nets : Time (s): cpu = 00:01:14 ; elapsed = 00:01:17 . Memory (MB): peak = 958.535 ; gain = 658.938

Report Cell Usage: 
+------+-----------+------+
|      |Cell       |Count |
+------+-----------+------+
|1     |AND2B1L    |     4|
|2     |CARRY4     |     1|
|3     |LUT1       |    31|
|4     |LUT2       |    95|
|5     |LUT3       |   341|
|6     |LUT4       |   194|
|7     |LUT5       |   339|
|8     |LUT6       |   468|
|9     |LUT6_2     |    64|
|10    |MULT_AND   |     1|
|11    |MUXCY_L    |   171|
|12    |MUXF7      |   113|
|13    |RAM32M     |    16|
|14    |RAM32X1D   |    32|
|15    |RAMB36E1   |     2|
|16    |RAMB36E1_1 |     8|
|17    |SRL16E     |   166|
|18    |SRLC16E    |     8|
|19    |XORCY      |    94|
|20    |FDCE       |   143|
|21    |FDE        |    32|
|22    |FDR        |   123|
|23    |FDRE       |  1694|
|24    |FDS        |     1|
|25    |FDSE       |    60|
+------+-----------+------+
Finished Writing Synthesis Report : Time (s): cpu = 00:01:14 ; elapsed = 00:01:17 . Memory (MB): peak = 958.535 ; gain = 658.938
synth_design: Time (s): cpu = 00:01:18 ; elapsed = 00:01:22 . Memory (MB): peak = 958.535 ; gain = 663.000
