14:29:46 INFO  : Registering command handlers for SDK TCF services
14:29:46 INFO  : Launching XSCT server: xsct.bat -interactive C:\Users\lrzbl\Desktop\fpga2.odev\TAB\TAB.sdk\temp_xsdb_launch_script.tcl
14:29:48 INFO  : XSCT server has started successfully.
14:29:48 INFO  : Successfully done setting XSCT server connection channel  
14:29:48 INFO  : Successfully done setting SDK workspace  
14:29:48 INFO  : Processing command line option -hwspec C:/Users/lrzbl/Desktop/fpga2.odev/TAB/TAB.sdk/TAB_wrapper.hdf.
14:32:52 INFO  : Connected to target on host '127.0.0.1' and port '3121'.
14:32:54 INFO  : 'targets -set -filter {jtag_cable_name =~ "Digilent Nexys A7 -100T 210292ABF512A" && level==0} -index 0' command is executed.
14:32:56 INFO  : FPGA configured successfully with bitstream "C:/Users/lrzbl/Desktop/fpga2.odev/TAB/TAB.sdk/TAB_wrapper_hw_platform_0/download.bit"
14:33:43 INFO  : Connected to target on host '127.0.0.1' and port '3121'.
14:33:43 INFO  : 'targets -set -filter {jtag_cable_name =~ "Digilent Nexys A7 -100T 210292ABF512A" && level==0} -index 0' command is executed.
14:33:45 INFO  : FPGA configured successfully with bitstream "C:/Users/lrzbl/Desktop/fpga2.odev/TAB/TAB.sdk/TAB_wrapper_hw_platform_0/download.bit"
14:36:09 INFO  : Connected to target on host '127.0.0.1' and port '3121'.
14:36:09 INFO  : 'targets -set -filter {jtag_cable_name =~ "Digilent Nexys A7 -100T 210292ABF512A" && level==0} -index 0' command is executed.
14:36:11 INFO  : FPGA configured successfully with bitstream "C:/Users/lrzbl/Desktop/fpga2.odev/TAB/TAB.sdk/TAB_wrapper_hw_platform_0/download.bit"
14:41:37 INFO  : Connected to target on host '127.0.0.1' and port '3121'.
14:41:37 INFO  : 'targets -set -filter {jtag_cable_name =~ "Digilent Nexys A7 -100T 210292ABF512A" && level==0} -index 0' command is executed.
14:41:39 INFO  : FPGA configured successfully with bitstream "C:/Users/lrzbl/Desktop/fpga2.odev/TAB/TAB.sdk/TAB_wrapper_hw_platform_0/download.bit"
14:44:32 INFO  : Connected to target on host '127.0.0.1' and port '3121'.
14:44:32 INFO  : 'targets -set -filter {jtag_cable_name =~ "Digilent Nexys A7 -100T 210292ABF512A" && level==0} -index 0' command is executed.
14:44:34 INFO  : FPGA configured successfully with bitstream "C:/Users/lrzbl/Desktop/fpga2.odev/TAB/TAB.sdk/TAB_wrapper_hw_platform_0/download.bit"
17:36:11 INFO  : Registering command handlers for SDK TCF services
17:36:11 INFO  : Launching XSCT server: xsct.bat -interactive C:\Users\lrzbl\Desktop\fpga2.odev\TAB\TAB.sdk\temp_xsdb_launch_script.tcl
17:36:13 INFO  : XSCT server has started successfully.
17:36:13 INFO  : Successfully done setting XSCT server connection channel  
17:36:13 INFO  : Successfully done setting SDK workspace  
17:36:13 INFO  : Processing command line option -hwspec C:/Users/lrzbl/Desktop/fpga2.odev/TAB/TAB.sdk/TAB_wrapper.hdf.
17:36:13 INFO  : Checking for hwspec changes in the project TAB_wrapper_hw_platform_0.
