Copyright 1986-2017 Xilinx, Inc. All Rights Reserved.
--------------------------------------------------------------------------------------
| Tool Version : Vivado v.2017.2 (win64) Build 1909853 Thu Jun 15 18:39:09 MDT 2017
| Date         : Wed Jun  5 10:40:28 2024
| Host         : DESKTOP-8K477JS running 64-bit major release  (build 9200)
| Command      : report_control_sets -verbose -file mouse_led_control_sets_placed.rpt
| Design       : mouse_led
| Device       : xc7a100t
--------------------------------------------------------------------------------------

Control Set Information

Table of Contents
-----------------
1. Summary
2. Flip-Flop Distribution
3. Detailed Control Set Information

1. Summary
----------

+----------------------------------------------------------+-------+
|                          Status                          | Count |
+----------------------------------------------------------+-------+
| Number of unique control sets                            |     9 |
| Unused register locations in slices containing registers |    31 |
+----------------------------------------------------------+-------+


2. Flip-Flop Distribution
-------------------------

+--------------+-----------------------+------------------------+-----------------+--------------+
| Clock Enable | Synchronous Set/Reset | Asynchronous Set/Reset | Total Registers | Total Slices |
+--------------+-----------------------+------------------------+-----------------+--------------+
| No           | No                    | No                     |               0 |            0 |
| No           | No                    | Yes                    |              18 |            6 |
| No           | Yes                   | No                     |               0 |            0 |
| Yes          | No                    | No                     |               0 |            0 |
| Yes          | No                    | Yes                    |              63 |           21 |
| Yes          | Yes                   | No                     |               0 |            0 |
+--------------+-----------------------+------------------------+-----------------+--------------+


3. Detailed Control Set Information
-----------------------------------

+----------------+----------------------------------------------------------------------+------------------+------------------+----------------+
|  Clock Signal  |                             Enable Signal                            | Set/Reset Signal | Slice Load Count | Bel Load Count |
+----------------+----------------------------------------------------------------------+------------------+------------------+----------------+
|  clk_IBUF_BUFG | mouse_unit/ps2_rxtx_unit/ps2_rx_unit/n_reg[3]_i_1__0_n_0             | reset_IBUF       |                1 |              4 |
|  clk_IBUF_BUFG | mouse_unit/ps2_rxtx_unit/ps2_tx_unit/n_next                          | reset_IBUF       |                2 |              4 |
|  clk_IBUF_BUFG | mouse_unit/ps2_rxtx_unit/ps2_tx_unit/FSM_onehot_state_reg[4]_i_1_n_0 | reset_IBUF       |                2 |              5 |
|  clk_IBUF_BUFG | mouse_unit/ps2_rxtx_unit/ps2_rx_unit/E[0]                            | reset_IBUF       |                2 |              8 |
|  clk_IBUF_BUFG | mouse_unit/ps2_rxtx_unit/ps2_tx_unit/b_next                          | reset_IBUF       |                2 |              8 |
|  clk_IBUF_BUFG | mouse_unit/ps2_rxtx_unit/ps2_rx_unit/b_reg[10]_i_1_n_0               | reset_IBUF       |                4 |             10 |
|  clk_IBUF_BUFG | mouse_unit/E[0]                                                      | reset_IBUF       |                2 |             11 |
|  clk_IBUF_BUFG | mouse_unit/ps2_rxtx_unit/ps2_tx_unit/c_next                          | reset_IBUF       |                6 |             13 |
|  clk_IBUF_BUFG |                                                                      | reset_IBUF       |                6 |             18 |
+----------------+----------------------------------------------------------------------+------------------+------------------+----------------+


+--------+-----------------------+
| Fanout | Number of ControlSets |
+--------+-----------------------+
| 4      |                     2 |
| 5      |                     1 |
| 8      |                     2 |
| 10     |                     1 |
| 11     |                     1 |
| 13     |                     1 |
| 16+    |                     1 |
+--------+-----------------------+


