
*** Running vivado
    with args -log TAB_axi_gpio_0_0.vds -m64 -product Vivado -mode batch -messageDb vivado.pb -notrace -source TAB_axi_gpio_0_0.tcl


****** Vivado v2017.2 (64-bit)
  **** SW Build 1909853 on Thu Jun 15 18:39:09 MDT 2017
  **** IP Build 1909766 on Thu Jun 15 19:58:00 MDT 2017
    ** Copyright 1986-2017 Xilinx, Inc. All Rights Reserved.

source TAB_axi_gpio_0_0.tcl -notrace
Starting RTL Elaboration : Time (s): cpu = 00:00:05 ; elapsed = 00:00:05 . Memory (MB): peak = 383.996 ; gain = 81.430
INFO: [Synth 8-638] synthesizing module 'TAB_axi_gpio_0_0' [c:/Users/lrzbl/Desktop/fpga2.odev/TAB/TAB.srcs/sources_1/bd/TAB/ip/TAB_axi_gpio_0_0/synth/TAB_axi_gpio_0_0.vhd:84]
INFO: [Synth 8-638] synthesizing module 'axi_gpio' [c:/Users/lrzbl/Desktop/fpga2.odev/TAB/TAB.srcs/sources_1/bd/TAB/ipshared/cb07/hdl/axi_gpio_v2_0_vh_rfs.vhd:1257]
INFO: [Synth 8-638] synthesizing module 'axi_lite_ipif' [c:/Users/lrzbl/Desktop/fpga2.odev/TAB/TAB.srcs/sources_1/bd/TAB/ipshared/0ba0/hdl/axi_lite_ipif_v3_0_vh_rfs.vhd:2948]
INFO: [Synth 8-638] synthesizing module 'slave_attachment' [c:/Users/lrzbl/Desktop/fpga2.odev/TAB/TAB.srcs/sources_1/bd/TAB/ipshared/0ba0/hdl/axi_lite_ipif_v3_0_vh_rfs.vhd:2341]
INFO: [Synth 8-638] synthesizing module 'address_decoder' [c:/Users/lrzbl/Desktop/fpga2.odev/TAB/TAB.srcs/sources_1/bd/TAB/ipshared/0ba0/hdl/axi_lite_ipif_v3_0_vh_rfs.vhd:1775]
INFO: [Synth 8-638] synthesizing module 'pselect_f' [c:/Users/lrzbl/Desktop/fpga2.odev/TAB/TAB.srcs/sources_1/bd/TAB/ipshared/0ba0/hdl/axi_lite_ipif_v3_0_vh_rfs.vhd:1534]
INFO: [Synth 8-256] done synthesizing module 'pselect_f' (1#1) [c:/Users/lrzbl/Desktop/fpga2.odev/TAB/TAB.srcs/sources_1/bd/TAB/ipshared/0ba0/hdl/axi_lite_ipif_v3_0_vh_rfs.vhd:1534]
INFO: [Synth 8-638] synthesizing module 'pselect_f__parameterized0' [c:/Users/lrzbl/Desktop/fpga2.odev/TAB/TAB.srcs/sources_1/bd/TAB/ipshared/0ba0/hdl/axi_lite_ipif_v3_0_vh_rfs.vhd:1534]
INFO: [Synth 8-256] done synthesizing module 'pselect_f__parameterized0' (1#1) [c:/Users/lrzbl/Desktop/fpga2.odev/TAB/TAB.srcs/sources_1/bd/TAB/ipshared/0ba0/hdl/axi_lite_ipif_v3_0_vh_rfs.vhd:1534]
INFO: [Synth 8-638] synthesizing module 'pselect_f__parameterized1' [c:/Users/lrzbl/Desktop/fpga2.odev/TAB/TAB.srcs/sources_1/bd/TAB/ipshared/0ba0/hdl/axi_lite_ipif_v3_0_vh_rfs.vhd:1534]
INFO: [Synth 8-256] done synthesizing module 'pselect_f__parameterized1' (1#1) [c:/Users/lrzbl/Desktop/fpga2.odev/TAB/TAB.srcs/sources_1/bd/TAB/ipshared/0ba0/hdl/axi_lite_ipif_v3_0_vh_rfs.vhd:1534]
INFO: [Synth 8-638] synthesizing module 'pselect_f__parameterized2' [c:/Users/lrzbl/Desktop/fpga2.odev/TAB/TAB.srcs/sources_1/bd/TAB/ipshared/0ba0/hdl/axi_lite_ipif_v3_0_vh_rfs.vhd:1534]
INFO: [Synth 8-256] done synthesizing module 'pselect_f__parameterized2' (1#1) [c:/Users/lrzbl/Desktop/fpga2.odev/TAB/TAB.srcs/sources_1/bd/TAB/ipshared/0ba0/hdl/axi_lite_ipif_v3_0_vh_rfs.vhd:1534]
INFO: [Synth 8-256] done synthesizing module 'address_decoder' (2#1) [c:/Users/lrzbl/Desktop/fpga2.odev/TAB/TAB.srcs/sources_1/bd/TAB/ipshared/0ba0/hdl/axi_lite_ipif_v3_0_vh_rfs.vhd:1775]
INFO: [Synth 8-256] done synthesizing module 'slave_attachment' (3#1) [c:/Users/lrzbl/Desktop/fpga2.odev/TAB/TAB.srcs/sources_1/bd/TAB/ipshared/0ba0/hdl/axi_lite_ipif_v3_0_vh_rfs.vhd:2341]
INFO: [Synth 8-256] done synthesizing module 'axi_lite_ipif' (4#1) [c:/Users/lrzbl/Desktop/fpga2.odev/TAB/TAB.srcs/sources_1/bd/TAB/ipshared/0ba0/hdl/axi_lite_ipif_v3_0_vh_rfs.vhd:2948]
INFO: [Synth 8-638] synthesizing module 'GPIO_Core' [c:/Users/lrzbl/Desktop/fpga2.odev/TAB/TAB.srcs/sources_1/bd/TAB/ipshared/cb07/hdl/axi_gpio_v2_0_vh_rfs.vhd:177]
INFO: [Synth 8-638] synthesizing module 'cdc_sync' [c:/Users/lrzbl/Desktop/fpga2.odev/TAB/TAB.srcs/sources_1/bd/TAB/ipshared/52cb/hdl/lib_cdc_v1_0_rfs.vhd:106]
INFO: [Synth 8-256] done synthesizing module 'cdc_sync' (5#1) [c:/Users/lrzbl/Desktop/fpga2.odev/TAB/TAB.srcs/sources_1/bd/TAB/ipshared/52cb/hdl/lib_cdc_v1_0_rfs.vhd:106]
INFO: [Synth 8-256] done synthesizing module 'GPIO_Core' (6#1) [c:/Users/lrzbl/Desktop/fpga2.odev/TAB/TAB.srcs/sources_1/bd/TAB/ipshared/cb07/hdl/axi_gpio_v2_0_vh_rfs.vhd:177]
INFO: [Synth 8-256] done synthesizing module 'axi_gpio' (7#1) [c:/Users/lrzbl/Desktop/fpga2.odev/TAB/TAB.srcs/sources_1/bd/TAB/ipshared/cb07/hdl/axi_gpio_v2_0_vh_rfs.vhd:1257]
INFO: [Synth 8-256] done synthesizing module 'TAB_axi_gpio_0_0' (8#1) [c:/Users/lrzbl/Desktop/fpga2.odev/TAB/TAB.srcs/sources_1/bd/TAB/ip/TAB_axi_gpio_0_0/synth/TAB_axi_gpio_0_0.vhd:84]
Finished RTL Elaboration : Time (s): cpu = 00:00:06 ; elapsed = 00:00:07 . Memory (MB): peak = 426.332 ; gain = 123.766
Finished RTL Optimization Phase 1 : Time (s): cpu = 00:00:06 ; elapsed = 00:00:07 . Memory (MB): peak = 426.332 ; gain = 123.766
INFO: [Device 21-403] Loading part xc7a100tcsg324-1
Constraint Validation Runtime : Time (s): cpu = 00:00:00 ; elapsed = 00:00:00.033 . Memory (MB): peak = 733.297 ; gain = 0.000
Finished Constraint Validation : Time (s): cpu = 00:00:20 ; elapsed = 00:00:21 . Memory (MB): peak = 733.297 ; gain = 430.730
Finished Loading Part and Timing Information : Time (s): cpu = 00:00:20 ; elapsed = 00:00:21 . Memory (MB): peak = 733.297 ; gain = 430.730
Finished applying 'set_property' XDC Constraints : Time (s): cpu = 00:00:20 ; elapsed = 00:00:21 . Memory (MB): peak = 733.297 ; gain = 430.730
Finished RTL Optimization Phase 2 : Time (s): cpu = 00:00:20 ; elapsed = 00:00:22 . Memory (MB): peak = 733.297 ; gain = 430.730
Finished Cross Boundary and Area Optimization : Time (s): cpu = 00:00:21 ; elapsed = 00:00:23 . Memory (MB): peak = 733.297 ; gain = 430.730
Finished Applying XDC Timing Constraints : Time (s): cpu = 00:00:36 ; elapsed = 00:00:38 . Memory (MB): peak = 733.297 ; gain = 430.730
Finished Timing Optimization : Time (s): cpu = 00:00:36 ; elapsed = 00:00:38 . Memory (MB): peak = 733.297 ; gain = 430.730
Finished Technology Mapping : Time (s): cpu = 00:00:36 ; elapsed = 00:00:38 . Memory (MB): peak = 733.297 ; gain = 430.730
Finished IO Insertion : Time (s): cpu = 00:00:37 ; elapsed = 00:00:39 . Memory (MB): peak = 733.297 ; gain = 430.730
Finished Renaming Generated Instances : Time (s): cpu = 00:00:37 ; elapsed = 00:00:39 . Memory (MB): peak = 733.297 ; gain = 430.730
Finished Rebuilding User Hierarchy : Time (s): cpu = 00:00:37 ; elapsed = 00:00:39 . Memory (MB): peak = 733.297 ; gain = 430.730
Finished Renaming Generated Ports : Time (s): cpu = 00:00:37 ; elapsed = 00:00:39 . Memory (MB): peak = 733.297 ; gain = 430.730
Finished Handling Custom Attributes : Time (s): cpu = 00:00:37 ; elapsed = 00:00:39 . Memory (MB): peak = 733.297 ; gain = 430.730
Finished Renaming Generated Nets : Time (s): cpu = 00:00:37 ; elapsed = 00:00:39 . Memory (MB): peak = 733.297 ; gain = 430.730

Report Cell Usage: 
+------+-----+------+
|      |Cell |Count |
+------+-----+------+
|1     |LUT1 |     2|
|2     |LUT2 |     5|
|3     |LUT3 |     4|
|4     |LUT4 |    19|
|5     |LUT5 |    11|
|6     |LUT6 |     6|
|7     |FDRE |    85|
|8     |FDSE |    16|
+------+-----+------+
Finished Writing Synthesis Report : Time (s): cpu = 00:00:37 ; elapsed = 00:00:39 . Memory (MB): peak = 733.297 ; gain = 430.730
synth_design: Time (s): cpu = 00:00:39 ; elapsed = 00:00:42 . Memory (MB): peak = 733.297 ; gain = 438.496
