Vivado Simulator 2017.2
Copyright 1986-1999, 2001-2016 Xilinx, Inc. All Rights Reserved.
Running: D:/Xilinx/Vivado/2017.2/bin/unwrapped/win64.o/xelab.exe -wto e2d1a93b6bc1448e9023ae21a5c8463f --debug typical --relax --mt 2 -L xil_defaultlib -L secureip --snapshot tb_mouse_led_behav xil_defaultlib.tb_mouse_led -log elaborate.log 
Using 2 slave threads.
Starting static elaboration
Completed static elaboration
Starting simulation data flow analysis
Completed simulation data flow analysis
Time Resolution for simulation is 1ps
Compiling package std.standard
Compiling package std.textio
Compiling package ieee.std_logic_1164
Compiling package ieee.numeric_std
Compiling architecture arch of entity xil_defaultlib.ps2_tx [ps2_tx_default]
Compiling architecture arch of entity xil_defaultlib.ps2_rx [ps2_rx_default]
Compiling architecture arch of entity xil_defaultlib.ps2_rxtx [ps2_rxtx_default]
Compiling architecture arch of entity xil_defaultlib.mouse [mouse_default]
Compiling architecture arch of entity xil_defaultlib.mouse_led [mouse_led_default]
Compiling architecture test of entity xil_defaultlib.tb_mouse_led
Built simulation snapshot tb_mouse_led_behav
