
*** Running vivado
    with args -log TAB_auto_pc_0.vds -m64 -product Vivado -mode batch -messageDb vivado.pb -notrace -source TAB_auto_pc_0.tcl


****** Vivado v2017.2 (64-bit)
  **** SW Build 1909853 on Thu Jun 15 18:39:09 MDT 2017
  **** IP Build 1909766 on Thu Jun 15 19:58:00 MDT 2017
    ** Copyright 1986-2017 Xilinx, Inc. All Rights Reserved.

source TAB_auto_pc_0.tcl -notrace
Starting RTL Elaboration : Time (s): cpu = 00:00:07 ; elapsed = 00:00:08 . Memory (MB): peak = 383.883 ; gain = 84.273
INFO: [Synth 8-638] synthesizing module 'TAB_auto_pc_0' [c:/Users/lrzbl/Desktop/fpga2.odev/TAB/TAB.srcs/sources_1/bd/TAB/ip/TAB_auto_pc_0/synth/TAB_auto_pc_0.v:58]
INFO: [Synth 8-638] synthesizing module 'axi_protocol_converter_v2_1_13_axi_protocol_converter' [c:/Users/lrzbl/Desktop/fpga2.odev/TAB/TAB.srcs/sources_1/bd/TAB/ipshared/f0ae/hdl/axi_protocol_converter_v2_1_vl_rfs.v:4811]
INFO: [Synth 8-638] synthesizing module 'axi_protocol_converter_v2_1_13_b2s' [c:/Users/lrzbl/Desktop/fpga2.odev/TAB/TAB.srcs/sources_1/bd/TAB/ipshared/f0ae/hdl/axi_protocol_converter_v2_1_vl_rfs.v:4229]
INFO: [Synth 8-638] synthesizing module 'axi_protocol_converter_v2_1_13_b2s_aw_channel' [c:/Users/lrzbl/Desktop/fpga2.odev/TAB/TAB.srcs/sources_1/bd/TAB/ipshared/f0ae/hdl/axi_protocol_converter_v2_1_vl_rfs.v:3974]
INFO: [Synth 8-638] synthesizing module 'axi_protocol_converter_v2_1_13_b2s_cmd_translator' [c:/Users/lrzbl/Desktop/fpga2.odev/TAB/TAB.srcs/sources_1/bd/TAB/ipshared/f0ae/hdl/axi_protocol_converter_v2_1_vl_rfs.v:3467]
INFO: [Synth 8-638] synthesizing module 'axi_protocol_converter_v2_1_13_b2s_incr_cmd' [c:/Users/lrzbl/Desktop/fpga2.odev/TAB/TAB.srcs/sources_1/bd/TAB/ipshared/f0ae/hdl/axi_protocol_converter_v2_1_vl_rfs.v:3093]
INFO: [Synth 8-256] done synthesizing module 'axi_protocol_converter_v2_1_13_b2s_incr_cmd' (1#1) [c:/Users/lrzbl/Desktop/fpga2.odev/TAB/TAB.srcs/sources_1/bd/TAB/ipshared/f0ae/hdl/axi_protocol_converter_v2_1_vl_rfs.v:3093]
INFO: [Synth 8-638] synthesizing module 'axi_protocol_converter_v2_1_13_b2s_wrap_cmd' [c:/Users/lrzbl/Desktop/fpga2.odev/TAB/TAB.srcs/sources_1/bd/TAB/ipshared/f0ae/hdl/axi_protocol_converter_v2_1_vl_rfs.v:2903]
INFO: [Synth 8-256] done synthesizing module 'axi_protocol_converter_v2_1_13_b2s_wrap_cmd' (2#1) [c:/Users/lrzbl/Desktop/fpga2.odev/TAB/TAB.srcs/sources_1/bd/TAB/ipshared/f0ae/hdl/axi_protocol_converter_v2_1_vl_rfs.v:2903]
INFO: [Synth 8-256] done synthesizing module 'axi_protocol_converter_v2_1_13_b2s_cmd_translator' (3#1) [c:/Users/lrzbl/Desktop/fpga2.odev/TAB/TAB.srcs/sources_1/bd/TAB/ipshared/f0ae/hdl/axi_protocol_converter_v2_1_vl_rfs.v:3467]
INFO: [Synth 8-638] synthesizing module 'axi_protocol_converter_v2_1_13_b2s_wr_cmd_fsm' [c:/Users/lrzbl/Desktop/fpga2.odev/TAB/TAB.srcs/sources_1/bd/TAB/ipshared/f0ae/hdl/axi_protocol_converter_v2_1_vl_rfs.v:3225]
INFO: [Synth 8-256] done synthesizing module 'axi_protocol_converter_v2_1_13_b2s_wr_cmd_fsm' (4#1) [c:/Users/lrzbl/Desktop/fpga2.odev/TAB/TAB.srcs/sources_1/bd/TAB/ipshared/f0ae/hdl/axi_protocol_converter_v2_1_vl_rfs.v:3225]
INFO: [Synth 8-256] done synthesizing module 'axi_protocol_converter_v2_1_13_b2s_aw_channel' (5#1) [c:/Users/lrzbl/Desktop/fpga2.odev/TAB/TAB.srcs/sources_1/bd/TAB/ipshared/f0ae/hdl/axi_protocol_converter_v2_1_vl_rfs.v:3974]
INFO: [Synth 8-638] synthesizing module 'axi_protocol_converter_v2_1_13_b2s_b_channel' [c:/Users/lrzbl/Desktop/fpga2.odev/TAB/TAB.srcs/sources_1/bd/TAB/ipshared/f0ae/hdl/axi_protocol_converter_v2_1_vl_rfs.v:3609]
INFO: [Synth 8-638] synthesizing module 'axi_protocol_converter_v2_1_13_b2s_simple_fifo' [c:/Users/lrzbl/Desktop/fpga2.odev/TAB/TAB.srcs/sources_1/bd/TAB/ipshared/f0ae/hdl/axi_protocol_converter_v2_1_vl_rfs.v:2816]
INFO: [Synth 8-256] done synthesizing module 'axi_protocol_converter_v2_1_13_b2s_simple_fifo' (6#1) [c:/Users/lrzbl/Desktop/fpga2.odev/TAB/TAB.srcs/sources_1/bd/TAB/ipshared/f0ae/hdl/axi_protocol_converter_v2_1_vl_rfs.v:2816]
INFO: [Synth 8-638] synthesizing module 'axi_protocol_converter_v2_1_13_b2s_simple_fifo__parameterized0' [c:/Users/lrzbl/Desktop/fpga2.odev/TAB/TAB.srcs/sources_1/bd/TAB/ipshared/f0ae/hdl/axi_protocol_converter_v2_1_vl_rfs.v:2816]
INFO: [Synth 8-256] done synthesizing module 'axi_protocol_converter_v2_1_13_b2s_simple_fifo__parameterized0' (6#1) [c:/Users/lrzbl/Desktop/fpga2.odev/TAB/TAB.srcs/sources_1/bd/TAB/ipshared/f0ae/hdl/axi_protocol_converter_v2_1_vl_rfs.v:2816]
INFO: [Synth 8-256] done synthesizing module 'axi_protocol_converter_v2_1_13_b2s_b_channel' (7#1) [c:/Users/lrzbl/Desktop/fpga2.odev/TAB/TAB.srcs/sources_1/bd/TAB/ipshared/f0ae/hdl/axi_protocol_converter_v2_1_vl_rfs.v:3609]
INFO: [Synth 8-638] synthesizing module 'axi_protocol_converter_v2_1_13_b2s_ar_channel' [c:/Users/lrzbl/Desktop/fpga2.odev/TAB/TAB.srcs/sources_1/bd/TAB/ipshared/f0ae/hdl/axi_protocol_converter_v2_1_vl_rfs.v:4085]
INFO: [Synth 8-638] synthesizing module 'axi_protocol_converter_v2_1_13_b2s_rd_cmd_fsm' [c:/Users/lrzbl/Desktop/fpga2.odev/TAB/TAB.srcs/sources_1/bd/TAB/ipshared/f0ae/hdl/axi_protocol_converter_v2_1_vl_rfs.v:3336]
INFO: [Synth 8-256] done synthesizing module 'axi_protocol_converter_v2_1_13_b2s_rd_cmd_fsm' (8#1) [c:/Users/lrzbl/Desktop/fpga2.odev/TAB/TAB.srcs/sources_1/bd/TAB/ipshared/f0ae/hdl/axi_protocol_converter_v2_1_vl_rfs.v:3336]
INFO: [Synth 8-256] done synthesizing module 'axi_protocol_converter_v2_1_13_b2s_ar_channel' (9#1) [c:/Users/lrzbl/Desktop/fpga2.odev/TAB/TAB.srcs/sources_1/bd/TAB/ipshared/f0ae/hdl/axi_protocol_converter_v2_1_vl_rfs.v:4085]
INFO: [Synth 8-638] synthesizing module 'axi_protocol_converter_v2_1_13_b2s_r_channel' [c:/Users/lrzbl/Desktop/fpga2.odev/TAB/TAB.srcs/sources_1/bd/TAB/ipshared/f0ae/hdl/axi_protocol_converter_v2_1_vl_rfs.v:3814]
INFO: [Synth 8-638] synthesizing module 'axi_protocol_converter_v2_1_13_b2s_simple_fifo__parameterized1' [c:/Users/lrzbl/Desktop/fpga2.odev/TAB/TAB.srcs/sources_1/bd/TAB/ipshared/f0ae/hdl/axi_protocol_converter_v2_1_vl_rfs.v:2816]
INFO: [Synth 8-256] done synthesizing module 'axi_protocol_converter_v2_1_13_b2s_simple_fifo__parameterized1' (9#1) [c:/Users/lrzbl/Desktop/fpga2.odev/TAB/TAB.srcs/sources_1/bd/TAB/ipshared/f0ae/hdl/axi_protocol_converter_v2_1_vl_rfs.v:2816]
INFO: [Synth 8-638] synthesizing module 'axi_protocol_converter_v2_1_13_b2s_simple_fifo__parameterized2' [c:/Users/lrzbl/Desktop/fpga2.odev/TAB/TAB.srcs/sources_1/bd/TAB/ipshared/f0ae/hdl/axi_protocol_converter_v2_1_vl_rfs.v:2816]
INFO: [Synth 8-256] done synthesizing module 'axi_protocol_converter_v2_1_13_b2s_simple_fifo__parameterized2' (9#1) [c:/Users/lrzbl/Desktop/fpga2.odev/TAB/TAB.srcs/sources_1/bd/TAB/ipshared/f0ae/hdl/axi_protocol_converter_v2_1_vl_rfs.v:2816]
INFO: [Synth 8-256] done synthesizing module 'axi_protocol_converter_v2_1_13_b2s_r_channel' (10#1) [c:/Users/lrzbl/Desktop/fpga2.odev/TAB/TAB.srcs/sources_1/bd/TAB/ipshared/f0ae/hdl/axi_protocol_converter_v2_1_vl_rfs.v:3814]
INFO: [Synth 8-638] synthesizing module 'axi_register_slice_v2_1_13_axi_register_slice' [c:/Users/lrzbl/Desktop/fpga2.odev/TAB/TAB.srcs/sources_1/bd/TAB/ipshared/55c0/hdl/axi_register_slice_v2_1_vl_rfs.v:791]
INFO: [Synth 8-638] synthesizing module 'axi_infrastructure_v1_1_0_axi2vector' [c:/Users/lrzbl/Desktop/fpga2.odev/TAB/TAB.srcs/sources_1/bd/TAB/ipshared/7e3a/hdl/axi_infrastructure_v1_1_vl_rfs.v:60]
INFO: [Synth 8-256] done synthesizing module 'axi_infrastructure_v1_1_0_axi2vector' (11#1) [c:/Users/lrzbl/Desktop/fpga2.odev/TAB/TAB.srcs/sources_1/bd/TAB/ipshared/7e3a/hdl/axi_infrastructure_v1_1_vl_rfs.v:60]
INFO: [Synth 8-638] synthesizing module 'axi_register_slice_v2_1_13_axic_register_slice' [c:/Users/lrzbl/Desktop/fpga2.odev/TAB/TAB.srcs/sources_1/bd/TAB/ipshared/55c0/hdl/axi_register_slice_v2_1_vl_rfs.v:85]
INFO: [Synth 8-256] done synthesizing module 'axi_register_slice_v2_1_13_axic_register_slice' (12#1) [c:/Users/lrzbl/Desktop/fpga2.odev/TAB/TAB.srcs/sources_1/bd/TAB/ipshared/55c0/hdl/axi_register_slice_v2_1_vl_rfs.v:85]
INFO: [Synth 8-638] synthesizing module 'axi_register_slice_v2_1_13_axic_register_slice__parameterized0' [c:/Users/lrzbl/Desktop/fpga2.odev/TAB/TAB.srcs/sources_1/bd/TAB/ipshared/55c0/hdl/axi_register_slice_v2_1_vl_rfs.v:85]
INFO: [Synth 8-256] done synthesizing module 'axi_register_slice_v2_1_13_axic_register_slice__parameterized0' (12#1) [c:/Users/lrzbl/Desktop/fpga2.odev/TAB/TAB.srcs/sources_1/bd/TAB/ipshared/55c0/hdl/axi_register_slice_v2_1_vl_rfs.v:85]
INFO: [Synth 8-638] synthesizing module 'axi_register_slice_v2_1_13_axic_register_slice__parameterized1' [c:/Users/lrzbl/Desktop/fpga2.odev/TAB/TAB.srcs/sources_1/bd/TAB/ipshared/55c0/hdl/axi_register_slice_v2_1_vl_rfs.v:85]
INFO: [Synth 8-256] done synthesizing module 'axi_register_slice_v2_1_13_axic_register_slice__parameterized1' (12#1) [c:/Users/lrzbl/Desktop/fpga2.odev/TAB/TAB.srcs/sources_1/bd/TAB/ipshared/55c0/hdl/axi_register_slice_v2_1_vl_rfs.v:85]
INFO: [Synth 8-638] synthesizing module 'axi_register_slice_v2_1_13_axic_register_slice__parameterized2' [c:/Users/lrzbl/Desktop/fpga2.odev/TAB/TAB.srcs/sources_1/bd/TAB/ipshared/55c0/hdl/axi_register_slice_v2_1_vl_rfs.v:85]
INFO: [Synth 8-256] done synthesizing module 'axi_register_slice_v2_1_13_axic_register_slice__parameterized2' (12#1) [c:/Users/lrzbl/Desktop/fpga2.odev/TAB/TAB.srcs/sources_1/bd/TAB/ipshared/55c0/hdl/axi_register_slice_v2_1_vl_rfs.v:85]
INFO: [Synth 8-638] synthesizing module 'axi_infrastructure_v1_1_0_vector2axi' [c:/Users/lrzbl/Desktop/fpga2.odev/TAB/TAB.srcs/sources_1/bd/TAB/ipshared/7e3a/hdl/axi_infrastructure_v1_1_vl_rfs.v:474]
INFO: [Synth 8-256] done synthesizing module 'axi_infrastructure_v1_1_0_vector2axi' (13#1) [c:/Users/lrzbl/Desktop/fpga2.odev/TAB/TAB.srcs/sources_1/bd/TAB/ipshared/7e3a/hdl/axi_infrastructure_v1_1_vl_rfs.v:474]
INFO: [Synth 8-256] done synthesizing module 'axi_register_slice_v2_1_13_axi_register_slice' (14#1) [c:/Users/lrzbl/Desktop/fpga2.odev/TAB/TAB.srcs/sources_1/bd/TAB/ipshared/55c0/hdl/axi_register_slice_v2_1_vl_rfs.v:791]
INFO: [Synth 8-638] synthesizing module 'axi_register_slice_v2_1_13_axi_register_slice__parameterized0' [c:/Users/lrzbl/Desktop/fpga2.odev/TAB/TAB.srcs/sources_1/bd/TAB/ipshared/55c0/hdl/axi_register_slice_v2_1_vl_rfs.v:791]
INFO: [Synth 8-638] synthesizing module 'axi_infrastructure_v1_1_0_axi2vector__parameterized0' [c:/Users/lrzbl/Desktop/fpga2.odev/TAB/TAB.srcs/sources_1/bd/TAB/ipshared/7e3a/hdl/axi_infrastructure_v1_1_vl_rfs.v:60]
INFO: [Synth 8-256] done synthesizing module 'axi_infrastructure_v1_1_0_axi2vector__parameterized0' (14#1) [c:/Users/lrzbl/Desktop/fpga2.odev/TAB/TAB.srcs/sources_1/bd/TAB/ipshared/7e3a/hdl/axi_infrastructure_v1_1_vl_rfs.v:60]
INFO: [Synth 8-638] synthesizing module 'axi_register_slice_v2_1_13_axic_register_slice__parameterized3' [c:/Users/lrzbl/Desktop/fpga2.odev/TAB/TAB.srcs/sources_1/bd/TAB/ipshared/55c0/hdl/axi_register_slice_v2_1_vl_rfs.v:85]
INFO: [Synth 8-256] done synthesizing module 'axi_register_slice_v2_1_13_axic_register_slice__parameterized3' (14#1) [c:/Users/lrzbl/Desktop/fpga2.odev/TAB/TAB.srcs/sources_1/bd/TAB/ipshared/55c0/hdl/axi_register_slice_v2_1_vl_rfs.v:85]
INFO: [Synth 8-638] synthesizing module 'axi_register_slice_v2_1_13_axic_register_slice__parameterized4' [c:/Users/lrzbl/Desktop/fpga2.odev/TAB/TAB.srcs/sources_1/bd/TAB/ipshared/55c0/hdl/axi_register_slice_v2_1_vl_rfs.v:85]
INFO: [Synth 8-256] done synthesizing module 'axi_register_slice_v2_1_13_axic_register_slice__parameterized4' (14#1) [c:/Users/lrzbl/Desktop/fpga2.odev/TAB/TAB.srcs/sources_1/bd/TAB/ipshared/55c0/hdl/axi_register_slice_v2_1_vl_rfs.v:85]
INFO: [Synth 8-638] synthesizing module 'axi_register_slice_v2_1_13_axic_register_slice__parameterized5' [c:/Users/lrzbl/Desktop/fpga2.odev/TAB/TAB.srcs/sources_1/bd/TAB/ipshared/55c0/hdl/axi_register_slice_v2_1_vl_rfs.v:85]
INFO: [Synth 8-256] done synthesizing module 'axi_register_slice_v2_1_13_axic_register_slice__parameterized5' (14#1) [c:/Users/lrzbl/Desktop/fpga2.odev/TAB/TAB.srcs/sources_1/bd/TAB/ipshared/55c0/hdl/axi_register_slice_v2_1_vl_rfs.v:85]
INFO: [Synth 8-638] synthesizing module 'axi_register_slice_v2_1_13_axic_register_slice__parameterized6' [c:/Users/lrzbl/Desktop/fpga2.odev/TAB/TAB.srcs/sources_1/bd/TAB/ipshared/55c0/hdl/axi_register_slice_v2_1_vl_rfs.v:85]
INFO: [Synth 8-256] done synthesizing module 'axi_register_slice_v2_1_13_axic_register_slice__parameterized6' (14#1) [c:/Users/lrzbl/Desktop/fpga2.odev/TAB/TAB.srcs/sources_1/bd/TAB/ipshared/55c0/hdl/axi_register_slice_v2_1_vl_rfs.v:85]
INFO: [Synth 8-638] synthesizing module 'axi_infrastructure_v1_1_0_vector2axi__parameterized0' [c:/Users/lrzbl/Desktop/fpga2.odev/TAB/TAB.srcs/sources_1/bd/TAB/ipshared/7e3a/hdl/axi_infrastructure_v1_1_vl_rfs.v:474]
INFO: [Synth 8-256] done synthesizing module 'axi_infrastructure_v1_1_0_vector2axi__parameterized0' (14#1) [c:/Users/lrzbl/Desktop/fpga2.odev/TAB/TAB.srcs/sources_1/bd/TAB/ipshared/7e3a/hdl/axi_infrastructure_v1_1_vl_rfs.v:474]
INFO: [Synth 8-256] done synthesizing module 'axi_register_slice_v2_1_13_axi_register_slice__parameterized0' (14#1) [c:/Users/lrzbl/Desktop/fpga2.odev/TAB/TAB.srcs/sources_1/bd/TAB/ipshared/55c0/hdl/axi_register_slice_v2_1_vl_rfs.v:791]
INFO: [Synth 8-256] done synthesizing module 'axi_protocol_converter_v2_1_13_b2s' (15#1) [c:/Users/lrzbl/Desktop/fpga2.odev/TAB/TAB.srcs/sources_1/bd/TAB/ipshared/f0ae/hdl/axi_protocol_converter_v2_1_vl_rfs.v:4229]
INFO: [Synth 8-256] done synthesizing module 'axi_protocol_converter_v2_1_13_axi_protocol_converter' (16#1) [c:/Users/lrzbl/Desktop/fpga2.odev/TAB/TAB.srcs/sources_1/bd/TAB/ipshared/f0ae/hdl/axi_protocol_converter_v2_1_vl_rfs.v:4811]
INFO: [Synth 8-256] done synthesizing module 'TAB_auto_pc_0' (17#1) [c:/Users/lrzbl/Desktop/fpga2.odev/TAB/TAB.srcs/sources_1/bd/TAB/ip/TAB_auto_pc_0/synth/TAB_auto_pc_0.v:58]
Finished RTL Elaboration : Time (s): cpu = 00:00:56 ; elapsed = 00:00:59 . Memory (MB): peak = 504.027 ; gain = 204.418
Finished RTL Optimization Phase 1 : Time (s): cpu = 00:00:57 ; elapsed = 00:00:59 . Memory (MB): peak = 504.027 ; gain = 204.418
INFO: [Device 21-403] Loading part xc7a100tcsg324-1
Constraint Validation Runtime : Time (s): cpu = 00:00:00 ; elapsed = 00:00:00.062 . Memory (MB): peak = 739.102 ; gain = 0.000
Finished Constraint Validation : Time (s): cpu = 00:01:10 ; elapsed = 00:01:14 . Memory (MB): peak = 739.102 ; gain = 439.492
Finished Loading Part and Timing Information : Time (s): cpu = 00:01:10 ; elapsed = 00:01:14 . Memory (MB): peak = 739.102 ; gain = 439.492
Finished applying 'set_property' XDC Constraints : Time (s): cpu = 00:01:10 ; elapsed = 00:01:14 . Memory (MB): peak = 739.102 ; gain = 439.492
Finished RTL Optimization Phase 2 : Time (s): cpu = 00:01:11 ; elapsed = 00:01:15 . Memory (MB): peak = 739.102 ; gain = 439.492
Finished Cross Boundary and Area Optimization : Time (s): cpu = 00:01:14 ; elapsed = 00:01:17 . Memory (MB): peak = 739.102 ; gain = 439.492
Finished Applying XDC Timing Constraints : Time (s): cpu = 00:01:28 ; elapsed = 00:01:32 . Memory (MB): peak = 739.102 ; gain = 439.492
Finished Timing Optimization : Time (s): cpu = 00:01:31 ; elapsed = 00:01:34 . Memory (MB): peak = 751.387 ; gain = 451.777
Finished Technology Mapping : Time (s): cpu = 00:01:31 ; elapsed = 00:01:35 . Memory (MB): peak = 751.508 ; gain = 451.898
Finished IO Insertion : Time (s): cpu = 00:01:32 ; elapsed = 00:01:36 . Memory (MB): peak = 751.508 ; gain = 451.898
Finished Renaming Generated Instances : Time (s): cpu = 00:01:32 ; elapsed = 00:01:36 . Memory (MB): peak = 751.508 ; gain = 451.898
Finished Rebuilding User Hierarchy : Time (s): cpu = 00:01:32 ; elapsed = 00:01:36 . Memory (MB): peak = 751.508 ; gain = 451.898
Finished Renaming Generated Ports : Time (s): cpu = 00:01:32 ; elapsed = 00:01:36 . Memory (MB): peak = 751.508 ; gain = 451.898
Finished Handling Custom Attributes : Time (s): cpu = 00:01:32 ; elapsed = 00:01:36 . Memory (MB): peak = 751.508 ; gain = 451.898
Finished Renaming Generated Nets : Time (s): cpu = 00:01:32 ; elapsed = 00:01:36 . Memory (MB): peak = 751.508 ; gain = 451.898

Report Cell Usage: 
+------+--------+------+
|      |Cell    |Count |
+------+--------+------+
|1     |CARRY4  |    18|
|2     |LUT1    |    37|
|3     |LUT2    |    19|
|4     |LUT3    |   200|
|5     |LUT4    |    47|
|6     |LUT5    |    68|
|7     |LUT6    |   112|
|8     |SRL16E  |    11|
|9     |SRLC32E |    36|
|10    |FDRE    |   447|
|11    |FDSE    |    37|
+------+--------+------+
Finished Writing Synthesis Report : Time (s): cpu = 00:01:32 ; elapsed = 00:01:36 . Memory (MB): peak = 751.508 ; gain = 451.898
synth_design: Time (s): cpu = 00:01:35 ; elapsed = 00:01:39 . Memory (MB): peak = 751.508 ; gain = 457.527
