Unable to capture context for thread 18868 in process 11908, can not generate back trace
Exception at PC 0x00007FFEED60BB93
Printing stacktrace...

[0]  [0x00007FFEED60BB93]
[1]  [0x00007FFEED60BB93]
[2]  [0x00007FFEED60B4A1]
[3]  [0x00007FFEED60B3EF]
[4]  [0x00007FFEED5F19FE]
[5]  [0x00007FFEED5F0ED1]
[6]  [0x00007FFEED5F0D76]
[7]  [0x00007FFEED5979F6]
[8]  [0x00007FFEED587AFB]
[9]  [0x00007FFEED6AE90A]
[10]  [0x00007FFEED6C9F87]
[11]  [0x00007FFEED6CA05F]
[12] (BaseThreadInitThunk+0x14) [0x00007FFF9ABF7344]
[13] (RtlUserThreadStart+0x21) [0x00007FFF9B4E26B1]
Done
Exception at PC 0x00007FFEED311A52
Attemped to write at address 0x00007FFF55E1ABA4
Printing stacktrace...

[0]  [0x00007FFEED311A52]
[1]  [0x00007FFEED311A52]
[2]  [0x00007FFEED311AD4]
[3]  [0x00007FFEED453FF7]
[4]  [0x00007FFEED339128]
[5]  [0x00007FFEED5EDFB9]
[6]  [0x00007FFEED7BEF23]
[7]  [0x00007FFEED6CB06B]
[8]  [0x00007FFEED6C08AF]
[9]  [0x00007FFEED6C0A32]
[10] (RtlActivateActivationContextUnsafeFast+0x11d) [0x00007FFF9B4A9A1D]
[11] (LdrShutdownProcess+0x22a) [0x00007FFF9B4EDCDA]
[12] (RtlExitUserProcess+0xad) [0x00007FFF9B4EDA8D]
[13] (FatalExit+0xb) [0x00007FFF9ABFE3BB]
[14] (exit+0x85) [0x00007FFF9A2FA155]
[15] (initterm_e+0x245) [0x00007FFF9A2FA7C5]
[16]  [0x00000000004014CD]
[17]  [0x000000000040151B]
[18] (BaseThreadInitThunk+0x14) [0x00007FFF9ABF7344]
[19] (RtlUserThreadStart+0x21) [0x00007FFF9B4E26B1]
Done
